0 verbose cli /home/awodi/.nvm/versions/node/v20.13.1/bin/node /home/awodi/.nvm/versions/node/v20.13.1/bin/npm
1 info using npm@10.5.2
2 info using node@v20.13.1
3 timing npm:load:whichnode Completed in 6ms
4 timing config:load:defaults Completed in 3ms
5 timing config:load:file:/home/awodi/.nvm/versions/node/v20.13.1/lib/node_modules/npm/npmrc Completed in 3ms
6 timing config:load:builtin Completed in 4ms
7 timing config:load:cli Completed in 5ms
8 timing config:load:env Completed in 0ms
9 timing config:load:file:/var/www/html/amoserv/test-amorserv-frontend/.npmrc Completed in 0ms
10 timing config:load:project Completed in 3ms
11 timing config:load:file:/home/awodi/.npmrc Completed in 0ms
12 timing config:load:user Completed in 0ms
13 timing config:load:file:/home/awodi/.nvm/versions/node/v20.13.1/etc/npmrc Completed in 0ms
14 timing config:load:global Completed in 0ms
15 timing config:load:setEnvs Completed in 2ms
16 timing config:load Completed in 21ms
17 timing npm:load:configload Completed in 21ms
18 timing config:load:flatten Completed in 5ms
19 timing npm:load:mkdirpcache Completed in 3ms
20 timing npm:load:mkdirplogs Completed in 1ms
21 verbose title npm ci
22 verbose argv "ci" "--cache" ".npm" "--prefer-offline"
23 timing npm:load:setTitle Completed in 1ms
24 timing npm:load:display Completed in 1ms
25 verbose logfile logs-max:10 dir:/var/www/html/amoserv/test-amorserv-frontend/.npm/_logs/2024-06-23T15_21_33_975Z-
26 verbose logfile /var/www/html/amoserv/test-amorserv-frontend/.npm/_logs/2024-06-23T15_21_33_975Z-debug-0.log
27 timing npm:load:logFile Completed in 5ms
28 timing npm:load:timers Completed in 0ms
29 timing npm:load:configScope Completed in 0ms
30 timing npm:load Completed in 77ms
31 timing arborist:ctor Completed in 1ms
32 silly logfile done cleaning log files
33 timing idealTree:init Completed in 39ms
34 timing idealTree:userRequests Completed in 1ms
35 silly idealTree buildDeps
36 timing idealTree:#root Completed in 1ms
37 timing idealTree:buildDeps Completed in 5ms
38 timing idealTree:fixDepFlags Completed in 0ms
39 timing idealTree Completed in 56ms
40 http fetch GET 200 https://registry.npmjs.org/npm 4151ms
41 timing npm-ci:rm Completed in 5012ms
42 timing reify:loadTrees Completed in 32ms
43 timing reify:diffTrees Completed in 12ms
44 silly reify moves {}
45 timing reify:retireShallow Completed in 7ms
46 timing reify:createSparse Completed in 97ms
47 timing reify:loadBundles Completed in 0ms
48 silly audit bulk request {
48 silly audit   '@next/env': [ '14.2.4' ],
48 silly audit   '@next/swc-darwin-arm64': [ '14.2.4' ],
48 silly audit   '@next/swc-darwin-x64': [ '14.2.4' ],
48 silly audit   '@next/swc-linux-arm64-gnu': [ '14.2.4' ],
48 silly audit   '@next/swc-linux-arm64-musl': [ '14.2.4' ],
48 silly audit   '@next/swc-linux-x64-gnu': [ '14.2.4' ],
48 silly audit   '@next/swc-linux-x64-musl': [ '14.2.4' ],
48 silly audit   '@next/swc-win32-arm64-msvc': [ '14.2.4' ],
48 silly audit   '@next/swc-win32-ia32-msvc': [ '14.2.4' ],
48 silly audit   '@next/swc-win32-x64-msvc': [ '14.2.4' ],
48 silly audit   '@swc/counter': [ '0.1.3' ],
48 silly audit   '@swc/helpers': [ '0.5.5' ],
48 silly audit   busboy: [ '1.6.0' ],
48 silly audit   'caniuse-lite': [ '1.0.30001636' ],
48 silly audit   'client-only': [ '0.0.1' ],
48 silly audit   'graceful-fs': [ '4.2.11' ],
48 silly audit   'js-tokens': [ '4.0.0' ],
48 silly audit   'loose-envify': [ '1.4.0' ],
48 silly audit   nanoid: [ '3.3.7' ],
48 silly audit   next: [ '14.2.4' ],
48 silly audit   picocolors: [ '1.0.1' ],
48 silly audit   postcss: [ '8.4.31' ],
48 silly audit   react: [ '18.2.0' ],
48 silly audit   'react-dom': [ '18.2.0' ],
48 silly audit   scheduler: [ '0.23.2' ],
48 silly audit   'source-map-js': [ '1.2.0' ],
48 silly audit   streamsearch: [ '1.1.0' ],
48 silly audit   'styled-jsx': [ '5.1.1' ],
48 silly audit   tslib: [ '2.6.3' ]
48 silly audit }
49 verbose reify failed optional dependency /var/www/html/amoserv/test-amorserv-frontend/node_modules/@next/swc-win32-x64-msvc
50 silly reify mark deleted [
50 silly reify   '/var/www/html/amoserv/test-amorserv-frontend/node_modules/@next/swc-win32-x64-msvc'
50 silly reify ]
51 verbose reify failed optional dependency /var/www/html/amoserv/test-amorserv-frontend/node_modules/@next/swc-win32-ia32-msvc
52 silly reify mark deleted [
52 silly reify   '/var/www/html/amoserv/test-amorserv-frontend/node_modules/@next/swc-win32-ia32-msvc'
52 silly reify ]
53 verbose reify failed optional dependency /var/www/html/amoserv/test-amorserv-frontend/node_modules/@next/swc-win32-arm64-msvc
54 silly reify mark deleted [
54 silly reify   '/var/www/html/amoserv/test-amorserv-frontend/node_modules/@next/swc-win32-arm64-msvc'
54 silly reify ]
55 verbose reify failed optional dependency /var/www/html/amoserv/test-amorserv-frontend/node_modules/@next/swc-linux-arm64-musl
56 silly reify mark deleted [
56 silly reify   '/var/www/html/amoserv/test-amorserv-frontend/node_modules/@next/swc-linux-arm64-musl'
56 silly reify ]
57 verbose reify failed optional dependency /var/www/html/amoserv/test-amorserv-frontend/node_modules/@next/swc-linux-arm64-gnu
58 silly reify mark deleted [
58 silly reify   '/var/www/html/amoserv/test-amorserv-frontend/node_modules/@next/swc-linux-arm64-gnu'
58 silly reify ]
59 verbose reify failed optional dependency /var/www/html/amoserv/test-amorserv-frontend/node_modules/@next/swc-darwin-x64
60 silly reify mark deleted [
60 silly reify   '/var/www/html/amoserv/test-amorserv-frontend/node_modules/@next/swc-darwin-x64'
60 silly reify ]
61 verbose reify failed optional dependency /var/www/html/amoserv/test-amorserv-frontend/node_modules/@next/swc-darwin-arm64
62 silly reify mark deleted [
62 silly reify   '/var/www/html/amoserv/test-amorserv-frontend/node_modules/@next/swc-darwin-arm64'
62 silly reify ]
63 timing reifyNode:node_modules/@next/swc-win32-x64-msvc Completed in 85ms
64 timing reifyNode:node_modules/@next/swc-win32-ia32-msvc Completed in 85ms
65 timing reifyNode:node_modules/@next/swc-win32-arm64-msvc Completed in 78ms
66 timing reifyNode:node_modules/@next/swc-linux-arm64-musl Completed in 78ms
67 timing reifyNode:node_modules/@next/swc-linux-arm64-gnu Completed in 80ms
68 timing reifyNode:node_modules/@next/swc-darwin-x64 Completed in 81ms
69 timing reifyNode:node_modules/@next/swc-darwin-arm64 Completed in 82ms
70 silly tarball no local data for tslib@https://registry.npmjs.org/tslib/-/tslib-2.6.3.tgz. Extracting by manifest.
71 silly tarball no local data for styled-jsx@https://registry.npmjs.org/styled-jsx/-/styled-jsx-5.1.1.tgz. Extracting by manifest.
72 silly tarball no local data for streamsearch@https://registry.npmjs.org/streamsearch/-/streamsearch-1.1.0.tgz. Extracting by manifest.
73 silly tarball no local data for source-map-js@https://registry.npmjs.org/source-map-js/-/source-map-js-1.2.0.tgz. Extracting by manifest.
74 silly tarball no local data for scheduler@https://registry.npmjs.org/scheduler/-/scheduler-0.23.2.tgz. Extracting by manifest.
75 silly tarball no local data for react-dom@https://registry.npmjs.org/react-dom/-/react-dom-18.2.0.tgz. Extracting by manifest.
76 silly tarball no local data for react@https://registry.npmjs.org/react/-/react-18.2.0.tgz. Extracting by manifest.
77 silly tarball no local data for postcss@https://registry.npmjs.org/postcss/-/postcss-8.4.31.tgz. Extracting by manifest.
78 silly tarball no local data for picocolors@https://registry.npmjs.org/picocolors/-/picocolors-1.0.1.tgz. Extracting by manifest.
79 silly tarball no local data for next@https://registry.npmjs.org/next/-/next-14.2.4.tgz. Extracting by manifest.
80 silly tarball no local data for loose-envify@https://registry.npmjs.org/loose-envify/-/loose-envify-1.4.0.tgz. Extracting by manifest.
81 silly tarball no local data for js-tokens@https://registry.npmjs.org/js-tokens/-/js-tokens-4.0.0.tgz. Extracting by manifest.
82 silly tarball no local data for nanoid@https://registry.npmjs.org/nanoid/-/nanoid-3.3.7.tgz. Extracting by manifest.
83 silly tarball no local data for graceful-fs@https://registry.npmjs.org/graceful-fs/-/graceful-fs-4.2.11.tgz. Extracting by manifest.
84 silly tarball no local data for client-only@https://registry.npmjs.org/client-only/-/client-only-0.0.1.tgz. Extracting by manifest.
85 silly tarball no local data for caniuse-lite@https://registry.npmjs.org/caniuse-lite/-/caniuse-lite-1.0.30001636.tgz. Extracting by manifest.
86 silly tarball no local data for busboy@https://registry.npmjs.org/busboy/-/busboy-1.6.0.tgz. Extracting by manifest.
87 silly tarball no local data for @swc/helpers@https://registry.npmjs.org/@swc/helpers/-/helpers-0.5.5.tgz. Extracting by manifest.
88 silly tarball no local data for @swc/counter@https://registry.npmjs.org/@swc/counter/-/counter-0.1.3.tgz. Extracting by manifest.
89 silly tarball no local data for @next/swc-linux-x64-musl@https://registry.npmjs.org/@next/swc-linux-x64-musl/-/swc-linux-x64-musl-14.2.4.tgz. Extracting by manifest.
90 silly tarball no local data for @next/swc-linux-x64-gnu@https://registry.npmjs.org/@next/swc-linux-x64-gnu/-/swc-linux-x64-gnu-14.2.4.tgz. Extracting by manifest.
91 silly tarball no local data for @next/env@https://registry.npmjs.org/@next/env/-/env-14.2.4.tgz. Extracting by manifest.
92 http fetch POST 200 https://registry.npmjs.org/-/npm/v1/security/advisories/bulk 519ms
93 timing auditReport:getReport Completed in 534ms
94 silly audit report {}
95 timing auditReport:init Completed in 0ms
96 timing reify:audit Completed in 538ms
97 http fetch GET 200 https://registry.npmjs.org/client-only/-/client-only-0.0.1.tgz 376ms (cache miss)
98 timing reifyNode:node_modules/client-only Completed in 762ms
99 http fetch GET 200 https://registry.npmjs.org/loose-envify/-/loose-envify-1.4.0.tgz 2480ms (cache miss)
100 timing reifyNode:node_modules/loose-envify Completed in 2649ms
101 http fetch GET 200 https://registry.npmjs.org/js-tokens/-/js-tokens-4.0.0.tgz 2499ms (cache miss)
102 timing reifyNode:node_modules/js-tokens Completed in 2668ms
103 http fetch GET 200 https://registry.npmjs.org/@swc/counter/-/counter-0.1.3.tgz 2287ms (cache miss)
104 timing reifyNode:node_modules/@swc/counter Completed in 2678ms
105 http fetch GET 200 https://registry.npmjs.org/picocolors/-/picocolors-1.0.1.tgz 2563ms (cache miss)
106 timing reifyNode:node_modules/picocolors Completed in 2729ms
107 http fetch GET 200 https://registry.npmjs.org/@next/env/-/env-14.2.4.tgz 2332ms (cache miss)
108 timing reifyNode:node_modules/@next/env Completed in 2719ms
109 http fetch GET 200 https://registry.npmjs.org/streamsearch/-/streamsearch-1.1.0.tgz 2622ms (cache miss)
110 timing reifyNode:node_modules/streamsearch Completed in 2781ms
111 http fetch GET 200 https://registry.npmjs.org/nanoid/-/nanoid-3.3.7.tgz 2701ms (cache miss)
112 timing reifyNode:node_modules/nanoid Completed in 2872ms
113 http fetch GET 200 https://registry.npmjs.org/busboy/-/busboy-1.6.0.tgz 2520ms (cache miss)
114 timing reifyNode:node_modules/busboy Completed in 2945ms
115 http fetch GET 200 https://registry.npmjs.org/tslib/-/tslib-2.6.3.tgz 2807ms (cache miss)
116 timing reifyNode:node_modules/tslib Completed in 2959ms
117 http fetch GET 200 https://registry.npmjs.org/scheduler/-/scheduler-0.23.2.tgz 2834ms (cache miss)
118 timing reifyNode:node_modules/scheduler Completed in 3069ms
119 http fetch GET 200 https://registry.npmjs.org/source-map-js/-/source-map-js-1.2.0.tgz 3229ms (cache miss)
120 timing reifyNode:node_modules/source-map-js Completed in 3389ms
121 http fetch GET 200 https://registry.npmjs.org/graceful-fs/-/graceful-fs-4.2.11.tgz 3219ms (cache miss)
122 timing reifyNode:node_modules/graceful-fs Completed in 3389ms
123 http fetch GET 200 https://registry.npmjs.org/react/-/react-18.2.0.tgz 3444ms (cache miss)
124 timing reifyNode:node_modules/react Completed in 3607ms
125 http fetch GET 200 https://registry.npmjs.org/postcss/-/postcss-8.4.31.tgz 3683ms (cache miss)
126 timing reifyNode:node_modules/postcss Completed in 3848ms
127 http fetch GET 200 https://registry.npmjs.org/styled-jsx/-/styled-jsx-5.1.1.tgz 3941ms (cache miss)
128 timing reifyNode:node_modules/styled-jsx Completed in 4099ms
129 http fetch GET 200 https://registry.npmjs.org/react-dom/-/react-dom-18.2.0.tgz 4647ms (cache miss)
130 timing reifyNode:node_modules/react-dom Completed in 4809ms
131 http fetch GET 200 https://registry.npmjs.org/@swc/helpers/-/helpers-0.5.5.tgz 5320ms (cache miss)
132 timing reifyNode:node_modules/@swc/helpers Completed in 5733ms
133 http fetch GET 200 https://registry.npmjs.org/caniuse-lite/-/caniuse-lite-1.0.30001636.tgz 6465ms (cache miss)
134 timing reifyNode:node_modules/caniuse-lite Completed in 6854ms
135 http fetch GET 200 https://registry.npmjs.org/next/-/next-14.2.4.tgz 36862ms (cache miss)
136 timing reifyNode:node_modules/next Completed in 37030ms
137 http fetch GET 200 https://registry.npmjs.org/@next/swc-linux-x64-gnu/-/swc-linux-x64-gnu-14.2.4.tgz 57146ms (cache miss)
138 timing reifyNode:node_modules/@next/swc-linux-x64-gnu Completed in 57530ms
139 http fetch GET 200 https://registry.npmjs.org/@next/swc-linux-x64-musl/-/swc-linux-x64-musl-14.2.4.tgz 89308ms (cache miss)
140 timing reifyNode:node_modules/@next/swc-linux-x64-musl Completed in 89691ms
141 timing reify:unpack Completed in 89712ms
142 timing reify:unretire Completed in 1ms
143 timing build:queue Completed in 11ms
144 timing build:link:node_modules/loose-envify Completed in 13ms
145 timing build:link:node_modules/nanoid Completed in 9ms
146 timing build:link:node_modules/next Completed in 10ms
147 timing build:link Completed in 15ms
148 timing build:deps Completed in 27ms
149 timing build Completed in 28ms
150 timing reify:build Completed in 29ms
151 timing reify:trash Completed in 5ms
152 timing reify Completed in 89968ms
153 silly ADD node_modules/tslib
154 silly ADD node_modules/styled-jsx
155 silly ADD node_modules/streamsearch
156 silly ADD node_modules/source-map-js
157 silly ADD node_modules/scheduler
158 silly ADD node_modules/react-dom
159 silly ADD node_modules/react
160 silly ADD node_modules/postcss
161 silly ADD node_modules/picocolors
162 silly ADD node_modules/next
163 silly ADD node_modules/nanoid
164 silly ADD node_modules/loose-envify
165 silly ADD node_modules/js-tokens
166 silly ADD node_modules/graceful-fs
167 silly ADD node_modules/client-only
168 silly ADD node_modules/caniuse-lite
169 silly ADD node_modules/busboy
170 silly ADD node_modules/@swc/helpers
171 silly ADD node_modules/@swc/counter
172 silly ADD
173 silly ADD
174 silly ADD
175 silly ADD node_modules/@next/swc-linux-x64-musl
176 silly ADD node_modules/@next/swc-linux-x64-gnu
177 silly ADD
178 silly ADD
179 silly ADD
180 silly ADD
181 silly ADD node_modules/@next/env
182 timing command:ci Completed in 95290ms
183 notice
183 notice New [33mminor[39m version of npm available! [31m10.5.2[39m -> [32m10.8.1[39m
183 notice Changelog: [36mhttps://github.com/npm/cli/releases/tag/v10.8.1[39m
183 notice Run [32mnpm install -g npm@10.8.1[39m to update!
183 notice
184 verbose exit 0
185 timing npm Completed in 96230ms
186 info ok
